[debug] [2024-12-23T13:59:56.161Z] ----------------------------------------------------------------------
[debug] [2024-12-23T13:59:56.163Z] Command:       C:\Program Files\nodejs\node.exe C:\Program Files\nodejs\node_modules\firebase-tools\lib\bin\firebase.js init
[debug] [2024-12-23T13:59:56.163Z] CLI Version:   13.29.1
[debug] [2024-12-23T13:59:56.163Z] Platform:      win32
[debug] [2024-12-23T13:59:56.164Z] Node Version:  v20.16.0
[debug] [2024-12-23T13:59:56.164Z] Time:          Mon Dec 23 2024 08:59:56 GMT-0500 (Eastern Standard Time)
[debug] [2024-12-23T13:59:56.164Z] ----------------------------------------------------------------------
[debug] 
[debug] [2024-12-23T13:59:56.229Z] > command requires scopes: ["email","openid","https://www.googleapis.com/auth/cloudplatformprojects.readonly","https://www.googleapis.com/auth/firebase","https://www.googleapis.com/auth/cloud-platform"]
[debug] [2024-12-23T13:59:56.229Z] > authorizing via signed-in user (noxdev7@gmail.com)
[info] 
     ######## #### ########  ######## ########     ###     ######  ########
     ##        ##  ##     ## ##       ##     ##  ##   ##  ##       ##
     ######    ##  ########  ######   ########  #########  ######  ######
     ##        ##  ##    ##  ##       ##     ## ##     ##       ## ##
     ##       #### ##     ## ######## ########  ##     ##  ######  ########

You're about to initialize a Firebase project in this directory:

  D:\Study\Upwork portfolio\dev-portfolio

Before we get started, keep in mind:

  * You are initializing within an existing Firebase project directory

